#
# A fatal error has been detected by the Java Runtime Environment:
#
#  SIGSEGV (0xb) at pc=0x000000010a046908, pid=36032, tid=16391
#
# JRE version: Java(TM) SE Runtime Environment (8.0_65-b17) (build 1.8.0_65-b17)
# Java VM: Java HotSpot(TM) 64-Bit Server VM (25.65-b01 mixed mode bsd-amd64 compressed oops)
# Problematic frame:
# V  [libjvm.dylib+0x446908]
#
# Failed to write core dump. Core dumps have been disabled. To enable core dumping, try "ulimit -c unlimited" before starting Java again
#
# If you would like to submit a bug report, please visit:
#   http://bugreport.java.com/bugreport/crash.jsp
#

---------------  T H R E A D  ---------------

Current thread (0x00007f83a3027000):  JavaThread "JDWP Transport Listener: dt_socket" daemon [_thread_in_vm, id=16391, stack(0x000070000752a000,0x000070000762a000)]

siginfo: si_signo: 11 (SIGSEGV), si_code: 0 (unknown), si_addr: 0x0000000000000000

Registers:
RAX=0x0000000000000001, RBX=0x0000700007629a8b, RCX=0x000000010a415310, RDX=0x0000700007629a8b
RSP=0x00007000076299d0, RBP=0x00007000076299e0, RSI=0x00007f83a3027000, RDI=0x2000000000000000
R8 =0x0000000000000014, R9 =0x0000000000000000, R10=0x000007f83a1b0c02, R11=0x0000000000000015
R12=0x00007f83a3027000, R13=0x2000000000000000, R14=0x2000000000000000, R15=0x00007f83a1900710
RIP=0x000000010a046908, EFLAGS=0x0000000000010206, ERR=0x0000000000000000
  TRAPNO=0x000000000000000d

Top of Stack: (sp=0x00007000076299d0)
0x00007000076299d0:   0000700007629a8b 0000700007629a8b
0x00007000076299e0:   0000700007629a40 0000000109f55a02
0x00007000076299f0:   00007f83a3027000 0000000000000000
0x0000700007629a00:   0000000000000000 0000000000000000
0x0000700007629a10:   00007f83a3027000 00007f83a3027000
0x0000700007629a20:   0000700007629a8b 0000700007629a90
0x0000700007629a30:   2000000000000000 0000000000000005
0x0000700007629a40:   0000700007629a60 0000000108b1c780
0x0000700007629a50:   0000000000000001 0000700007629b08
0x0000700007629a60:   0000700007629ad0 0000000108b011f3
0x0000700007629a70:   0000700007629aa0 00007f83a1b0bf90
0x0000700007629a80:   0000000600000032 0000000a00629b08
0x0000700007629a90:   0000000000000000 0000000000000000
0x0000700007629aa0:   0000000000000000 0000700007629c90
0x0000700007629ab0:   0000000108b23e7a 00007f839fd09460
0x0000700007629ac0:   0000700007629b08 0000000108b2f598
0x0000700007629ad0:   0000700007629ae0 0000000108b012ec
0x0000700007629ae0:   0000700007629d00 0000000108b0a898
0x0000700007629af0:   00002e0d00000013 00000000000f0200
0x0000700007629b00:   00007f839fd092a0 00007f83a38070a6
0x0000700007629b10:   000000000000040a 00007f83a1b0c480
0x0000700007629b20:   000001000000012c 0000700007629b58
0x0000700007629b30:   00007f83a1b0c000 00007f0000000000
0x0000700007629b40:   00002e0d0000001c 00007f8300005380
0x0000700007629b50:   0000700007629b58 837f000006000000
0x0000700007629b60:   06000000500ac19f 00003e74696e693c
0x0000700007629b70:   0000005629280300 7f00000100000000
0x0000700007629b80:   000000580ac19f83 0000006e69616d04
0x0000700007629b90:   6176616a4c5b2816 74532f676e616c2f
0x0000700007629ba0:   0056293b676e6972 0009000000000000
0x0000700007629bb0:   00700ac19f837f00 43646e69660b0000
0x0000700007629bc0:   0000646e616d6d6f 6176616a4c286500 

Instructions: (pc=0x000000010a046908)
0x000000010a0468e8:   40 48 48 85 c0 75 e0 30 c0 0f b6 c0 5d c3 31 c0
0x000000010a0468f8:   5d c3 55 48 89 e5 53 48 83 ec 08 48 85 ff 74 24
0x000000010a046908:   48 8b 1f 48 85 db 74 1c 48 83 fb 37 74 16 48 8b
0x000000010a046918:   03 48 89 df ff 50 10 84 c0 b8 00 00 00 00 48 0f 

Register to memory mapping:

RAX=0x0000000000000001 is an unknown value
RBX=0x0000700007629a8b is pointing into the stack for thread: 0x00007f83a3027000
RCX=0x000000010a415310: UseMembar+0 in /Library/Java/JavaVirtualMachines/jdk1.8.0_65.jdk/Contents/Home/jre/lib/server/libjvm.dylib at 0x0000000109c00000
RDX=0x0000700007629a8b is pointing into the stack for thread: 0x00007f83a3027000
RSP=0x00007000076299d0 is pointing into the stack for thread: 0x00007f83a3027000
RBP=0x00007000076299e0 is pointing into the stack for thread: 0x00007f83a3027000
RSI=0x00007f83a3027000 is a thread
RDI=0x2000000000000000 is an unknown value
R8 =0x0000000000000014 is an unknown value
R9 =0x0000000000000000 is an unknown value
R10=0x000007f83a1b0c02 is an unknown value
R11=0x0000000000000015 is an unknown value
R12=0x00007f83a3027000 is a thread
R13=0x2000000000000000 is an unknown value
R14=0x2000000000000000 is an unknown value
R15=0x00007f83a1900710 is an unknown value


Stack: [0x000070000752a000,0x000070000762a000],  sp=0x00007000076299d0,  free space=1022k
Native frames: (J=compiled Java code, j=interpreted, Vv=VM code, C=native code)
V  [libjvm.dylib+0x446908]
V  [libjvm.dylib+0x355a02]
C  [libjdwp.dylib+0x20780]  isMethodSynthetic+0x63
C  [libjdwp.dylib+0x51f3]  methods1+0x10b
C  [libjdwp.dylib+0x52ec]  methodsWithGeneric+0xe
C  [libjdwp.dylib+0xe898]  debugLoop_run+0x1ce
C  [libjdwp.dylib+0x1f6ba]  attachThread+0x4d
V  [libjvm.dylib+0x396d60]
V  [libjvm.dylib+0x5612d3]
V  [libjvm.dylib+0x5629ce]
V  [libjvm.dylib+0x48342e]
C  [libsystem_pthread.dylib+0x3661]  _pthread_body+0x154
C  [libsystem_pthread.dylib+0x350d]  _pthread_body+0x0
C  [libsystem_pthread.dylib+0x2bf9]  thread_start+0xd
C  0x0000000000000000


---------------  P R O C E S S  ---------------

Java Threads: ( => current thread )
  0x00007f83a0827000 JavaThread "Service Thread" daemon [_thread_blocked, id=22275, stack(0x0000700007c3f000,0x0000700007d3f000)]
  0x00007f83a380c000 JavaThread "C1 CompilerThread3" daemon [_thread_blocked, id=22019, stack(0x0000700007b3c000,0x0000700007c3c000)]
  0x00007f83a1006800 JavaThread "C2 CompilerThread2" daemon [_thread_blocked, id=15363, stack(0x0000700007a39000,0x0000700007b39000)]
  0x00007f83a1006000 JavaThread "C2 CompilerThread1" daemon [_thread_blocked, id=14851, stack(0x0000700007936000,0x0000700007a36000)]
  0x00007f83a4006800 JavaThread "C2 CompilerThread0" daemon [_thread_blocked, id=15619, stack(0x0000700007833000,0x0000700007933000)]
  0x00007f83a3808800 JavaThread "JDWP Command Reader" daemon [_thread_in_native, id=15875, stack(0x0000700007730000,0x0000700007830000)]
  0x00007f83a3028000 JavaThread "JDWP Event Helper Thread" daemon [_thread_blocked, id=16131, stack(0x000070000762d000,0x000070000772d000)]
=>0x00007f83a3027000 JavaThread "JDWP Transport Listener: dt_socket" daemon [_thread_in_vm, id=16391, stack(0x000070000752a000,0x000070000762a000)]
  0x00007f83a081b000 JavaThread "Signal Dispatcher" daemon [_thread_blocked, id=13319, stack(0x0000700007427000,0x0000700007527000)]
  0x00007f83a2804800 JavaThread "Finalizer" daemon [_thread_blocked, id=12035, stack(0x0000700007324000,0x0000700007424000)]
  0x00007f83a2803800 JavaThread "Reference Handler" daemon [_thread_blocked, id=18691, stack(0x0000700007221000,0x0000700007321000)]
  0x00007f83a0808000 JavaThread "main" [_thread_blocked, id=9475, stack(0x0000700006803000,0x0000700006903000)]

Other Threads:
  0x00007f83a0001000 VMThread [stack: 0x000070000711e000,0x000070000721e000] [id=19203]
  0x00007f83a0004000 WatcherThread [stack: 0x0000700007d42000,0x0000700007e42000] [id=42755]

VM state:not at safepoint (normal execution)

VM Mutex/Monitor currently owned by a thread: None

Heap:
 PSYoungGen      total 76288K, used 5243K [0x000000076ab00000, 0x0000000770000000, 0x00000007c0000000)
  eden space 65536K, 8% used [0x000000076ab00000,0x000000076b01ec70,0x000000076eb00000)
  from space 10752K, 0% used [0x000000076f580000,0x000000076f580000,0x0000000770000000)
  to   space 10752K, 0% used [0x000000076eb00000,0x000000076eb00000,0x000000076f580000)
 ParOldGen       total 175104K, used 0K [0x00000006c0000000, 0x00000006cab00000, 0x000000076ab00000)
  object space 175104K, 0% used [0x00000006c0000000,0x00000006c0000000,0x00000006cab00000)
 Metaspace       used 3468K, capacity 4602K, committed 4864K, reserved 1056768K
  class space    used 396K, capacity 426K, committed 512K, reserved 1048576K

Card table byte_map: [0x000000010af49000,0x000000010b74a000] byte_map_base: 0x0000000107949000

Marking Bits: (ParMarkBitMap*) 0x000000010a4dee20
 Begin Bits: [0x000000011f9a2000, 0x00000001239a2000)
 End Bits:   [0x00000001239a2000, 0x00000001279a2000)

Polling page: 0x0000000108afb000

CodeCache: size=245760Kb used=1148Kb max_used=1148Kb free=244611Kb
 bounds [0x00000001109a2000, 0x0000000110c12000, 0x000000011f9a2000]
 total_blobs=287 nmethods=43 adapters=166
 compilation: enabled

Compilation events (10 events):
Event: 0.258 Thread 0x00007f83a380c000   37       3       java.util.HashMap::newNode (13 bytes)
Event: 0.258 Thread 0x00007f83a380c000 nmethod 37 0x0000000110abeed0 code [0x0000000110abf040, 0x0000000110abf2f0]
Event: 0.258 Thread 0x00007f83a380c000   38       3       java.util.HashMap::afterNodeInsertion (1 bytes)
Event: 0.259 Thread 0x00007f83a380c000 nmethod 38 0x0000000110abf450 code [0x0000000110abf5a0, 0x0000000110abf6f0]
Event: 0.259 Thread 0x00007f83a380c000   40       1       java.lang.String::length (6 bytes)
Event: 0.259 Thread 0x00007f83a380c000 nmethod 40 0x0000000110ac03d0 code [0x0000000110ac0520, 0x0000000110ac0630]
Event: 0.263 Thread 0x00007f83a380c000   41       1       java.nio.Buffer::position (5 bytes)
Event: 0.264 Thread 0x00007f83a380c000 nmethod 41 0x0000000110ac0cd0 code [0x0000000110ac0e20, 0x0000000110ac0f30]
Event: 1514.297 Thread 0x00007f83a380c000   42       3       java.util.concurrent.ConcurrentHashMap::setTabAt (19 bytes)
Event: 1514.297 Thread 0x00007f83a380c000 nmethod 42 0x0000000110ac1310 code [0x0000000110ac1460, 0x0000000110ac15d0]

GC Heap History (0 events):
No events

Deoptimization events (0 events):
No events

Internal exceptions (6 events):
Event: 0.066 Thread 0x00007f83a0808000 Exception <a 'java/lang/NoSuchMethodError': Method sun.misc.Unsafe.defineClass(Ljava/lang/String;[BII)Ljava/lang/Class; name or signature does not match> (0x000000076ab12ea0) thrown at [/Users/java_re/workspace/8-2-build-macosx-x86_64/jdk8u65/4987/hotspot
Event: 0.066 Thread 0x00007f83a0808000 Exception <a 'java/lang/NoSuchMethodError': Method sun.misc.Unsafe.prefetchRead(Ljava/lang/Object;J)V name or signature does not match> (0x000000076ab13188) thrown at [/Users/java_re/workspace/8-2-build-macosx-x86_64/jdk8u65/4987/hotspot/src/share/vm/prim
Event: 0.244 Thread 0x00007f83a0808000 Exception <a 'java/security/PrivilegedActionException'> (0x000000076ab9e668) thrown at [/Users/java_re/workspace/8-2-build-macosx-x86_64/jdk8u65/4987/hotspot/src/share/vm/prims/jvm.cpp, line 1386]
Event: 0.244 Thread 0x00007f83a0808000 Exception <a 'java/security/PrivilegedActionException'> (0x000000076ab9ea60) thrown at [/Users/java_re/workspace/8-2-build-macosx-x86_64/jdk8u65/4987/hotspot/src/share/vm/prims/jvm.cpp, line 1386]
Event: 0.245 Thread 0x00007f83a0808000 Exception <a 'java/security/PrivilegedActionException'> (0x000000076aba1ee8) thrown at [/Users/java_re/workspace/8-2-build-macosx-x86_64/jdk8u65/4987/hotspot/src/share/vm/prims/jvm.cpp, line 1386]
Event: 0.245 Thread 0x00007f83a0808000 Exception <a 'java/security/PrivilegedActionException'> (0x000000076aba22e0) thrown at [/Users/java_re/workspace/8-2-build-macosx-x86_64/jdk8u65/4987/hotspot/src/share/vm/prims/jvm.cpp, line 1386]

Events (10 events):
Event: 1514.293 Executing VM operation: GetCurrentLocation
Event: 1514.294 Executing VM operation: GetCurrentLocation done
Event: 1514.294 Executing VM operation: EnterInterpOnlyMode
Event: 1514.294 Executing VM operation: EnterInterpOnlyMode done
Event: 1514.294 Executing VM operation: ChangeSingleStep
Event: 1514.294 Executing VM operation: ChangeSingleStep done
Event: 1514.294 Executing VM operation: ChangeSingleStep
Event: 1514.294 Executing VM operation: ChangeSingleStep done
Event: 1514.298 Executing VM operation: RedefineClasses
Event: 1514.298 Executing VM operation: RedefineClasses done


Dynamic libraries:
0x000000000f245000 	/System/Library/Frameworks/Cocoa.framework/Versions/A/Cocoa
0x000000000f245000 	/System/Library/Frameworks/Security.framework/Versions/A/Security
0x000000000f245000 	/System/Library/Frameworks/ApplicationServices.framework/Versions/A/ApplicationServices
0x000000000f245000 	/usr/lib/libz.1.dylib
0x000000000f245000 	/usr/lib/libSystem.B.dylib
0x000000000f245000 	/usr/lib/libobjc.A.dylib
0x000000000f245000 	/System/Library/Frameworks/CoreFoundation.framework/Versions/A/CoreFoundation
0x000000000f245000 	/System/Library/Frameworks/Foundation.framework/Versions/C/Foundation
0x000000000f245000 	/System/Library/Frameworks/AppKit.framework/Versions/C/AppKit
0x000000000f245000 	/System/Library/Frameworks/CoreData.framework/Versions/A/CoreData
0x000000000f245000 	/System/Library/PrivateFrameworks/RemoteViewServices.framework/Versions/A/RemoteViewServices
0x000000000f245000 	/System/Library/PrivateFrameworks/UIFoundation.framework/Versions/A/UIFoundation
0x000000000f245000 	/System/Library/PrivateFrameworks/DFRFoundation.framework/Versions/A/DFRFoundation
0x000000000f245000 	/System/Library/Frameworks/Metal.framework/Versions/A/Metal
0x000000000f245000 	/System/Library/PrivateFrameworks/DesktopServicesPriv.framework/Versions/A/DesktopServicesPriv
0x000000000f245000 	/usr/lib/libenergytrace.dylib
0x000000000f245000 	/System/Library/PrivateFrameworks/SkyLight.framework/Versions/A/SkyLight
0x000000000f245000 	/System/Library/Frameworks/CoreGraphics.framework/Versions/A/CoreGraphics
0x000000000f245000 	/usr/lib/libScreenReader.dylib
0x000000000f245000 	/System/Library/Frameworks/Accelerate.framework/Versions/A/Accelerate
0x000000000f245000 	/System/Library/Frameworks/IOSurface.framework/Versions/A/IOSurface
0x000000000f245000 	/System/Library/Frameworks/AudioToolbox.framework/Versions/A/AudioToolbox
0x000000000f245000 	/System/Library/Frameworks/AudioUnit.framework/Versions/A/AudioUnit
0x000000000f245000 	/System/Library/PrivateFrameworks/DataDetectorsCore.framework/Versions/A/DataDetectorsCore
0x000000000f245000 	/System/Library/Frameworks/Carbon.framework/Versions/A/Frameworks/HIToolbox.framework/Versions/A/HIToolbox
0x000000000f245000 	/usr/lib/libicucore.A.dylib
0x000000000f245000 	/System/Library/Frameworks/QuartzCore.framework/Versions/A/QuartzCore
0x000000000f245000 	/System/Library/PrivateFrameworks/SignpostNotification.framework/Versions/A/SignpostNotification
0x000000000f245000 	/System/Library/Frameworks/Carbon.framework/Versions/A/Frameworks/SpeechRecognition.framework/Versions/A/SpeechRecognition
0x000000000f245000 	/usr/lib/libauto.dylib
0x000000000f245000 	/usr/lib/libxml2.2.dylib
0x000000000f245000 	/System/Library/PrivateFrameworks/CoreUI.framework/Versions/A/CoreUI
0x000000000f245000 	/System/Library/Frameworks/CoreAudio.framework/Versions/A/CoreAudio
0x000000000f245000 	/System/Library/Frameworks/DiskArbitration.framework/Versions/A/DiskArbitration
0x000000000f245000 	/usr/lib/liblangid.dylib
0x000000000f245000 	/System/Library/PrivateFrameworks/MultitouchSupport.framework/Versions/A/MultitouchSupport
0x000000000f245000 	/System/Library/Frameworks/IOKit.framework/Versions/A/IOKit
0x000000000f245000 	/usr/lib/libDiagnosticMessagesClient.dylib
0x000000000f245000 	/System/Library/Frameworks/CoreServices.framework/Versions/A/CoreServices
0x000000000f245000 	/System/Library/PrivateFrameworks/PerformanceAnalysis.framework/Versions/A/PerformanceAnalysis
0x000000000f245000 	/System/Library/Frameworks/OpenGL.framework/Versions/A/OpenGL
0x000000000f245000 	/System/Library/Frameworks/ColorSync.framework/Versions/A/ColorSync
0x000000000f245000 	/System/Library/Frameworks/CoreImage.framework/Versions/A/CoreImage
0x000000000f245000 	/System/Library/Frameworks/CoreText.framework/Versions/A/CoreText
0x000000000f245000 	/System/Library/Frameworks/ImageIO.framework/Versions/A/ImageIO
0x000000000f245000 	/System/Library/PrivateFrameworks/Backup.framework/Versions/A/Backup
0x000000000f245000 	/usr/lib/libarchive.2.dylib
0x000000000f245000 	/System/Library/Frameworks/CFNetwork.framework/Versions/A/CFNetwork
0x000000000f245000 	/System/Library/Frameworks/SystemConfiguration.framework/Versions/A/SystemConfiguration
0x000000000f245000 	/usr/lib/libCRFSuite.dylib
0x000000000f245000 	/usr/lib/libc++.1.dylib
0x000000000f245000 	/usr/lib/libc++abi.dylib
0x000000000f245000 	/usr/lib/system/libcache.dylib
0x000000000f245000 	/usr/lib/system/libcommonCrypto.dylib
0x000000000f245000 	/usr/lib/system/libcompiler_rt.dylib
0x000000000f245000 	/usr/lib/system/libcopyfile.dylib
0x000000000f245000 	/usr/lib/system/libcorecrypto.dylib
0x000000000f245000 	/usr/lib/system/libdispatch.dylib
0x000000000f245000 	/usr/lib/system/libdyld.dylib
0x000000000f245000 	/usr/lib/system/libkeymgr.dylib
0x000000000f245000 	/usr/lib/system/liblaunch.dylib
0x000000000f245000 	/usr/lib/system/libmacho.dylib
0x000000000f245000 	/usr/lib/system/libquarantine.dylib
0x000000000f245000 	/usr/lib/system/libremovefile.dylib
0x000000000f245000 	/usr/lib/system/libsystem_asl.dylib
0x000000000f245000 	/usr/lib/system/libsystem_blocks.dylib
0x000000000f245000 	/usr/lib/system/libsystem_c.dylib
0x000000000f245000 	/usr/lib/system/libsystem_configuration.dylib
0x000000000f245000 	/usr/lib/system/libsystem_coreservices.dylib
0x000000000f245000 	/usr/lib/system/libsystem_darwin.dylib
0x000000000f245000 	/usr/lib/system/libsystem_dnssd.dylib
0x000000000f245000 	/usr/lib/system/libsystem_info.dylib
0x000000000f245000 	/usr/lib/system/libsystem_m.dylib
0x000000000f245000 	/usr/lib/system/libsystem_malloc.dylib
0x000000000f245000 	/usr/lib/system/libsystem_network.dylib
0x000000000f245000 	/usr/lib/system/libsystem_networkextension.dylib
0x000000000f245000 	/usr/lib/system/libsystem_notify.dylib
0x000000000f245000 	/usr/lib/system/libsystem_sandbox.dylib
0x000000000f245000 	/usr/lib/system/libsystem_secinit.dylib
0x000000000f245000 	/usr/lib/system/libsystem_kernel.dylib
0x000000000f245000 	/usr/lib/system/libsystem_platform.dylib
0x000000000f245000 	/usr/lib/system/libsystem_pthread.dylib
0x000000000f245000 	/usr/lib/system/libsystem_symptoms.dylib
0x000000000f245000 	/usr/lib/system/libsystem_trace.dylib
0x000000000f245000 	/usr/lib/system/libunwind.dylib
0x000000000f245000 	/usr/lib/system/libxpc.dylib
0x000000000f245000 	/usr/lib/closure/libclosured.dylib
0x000000000f245000 	/usr/lib/libbsm.0.dylib
0x000000000f245000 	/usr/lib/system/libkxld.dylib
0x000000000f245000 	/usr/lib/libOpenScriptingUtil.dylib
0x000000000f245000 	/usr/lib/libcoretls.dylib
0x000000000f245000 	/usr/lib/libcoretls_cfhelpers.dylib
0x000000000f245000 	/usr/lib/libpam.2.dylib
0x000000000f245000 	/usr/lib/libsqlite3.dylib
0x000000000f245000 	/usr/lib/libxar.1.dylib
0x000000000f245000 	/usr/lib/libbz2.1.0.dylib
0x000000000f245000 	/usr/lib/liblzma.5.dylib
0x000000000f245000 	/usr/lib/libnetwork.dylib
0x000000000f245000 	/usr/lib/libapple_nghttp2.dylib
0x000000000f245000 	/usr/lib/libpcap.A.dylib
0x000000000f245000 	/usr/lib/libboringssl.dylib
0x000000000f245000 	/usr/lib/libusrtcp.dylib
0x000000000f245000 	/usr/lib/libapple_crypto.dylib
0x000000000f245000 	/System/Library/Frameworks/CoreServices.framework/Versions/A/Frameworks/FSEvents.framework/Versions/A/FSEvents
0x000000000f245000 	/System/Library/Frameworks/CoreServices.framework/Versions/A/Frameworks/CarbonCore.framework/Versions/A/CarbonCore
0x000000000f245000 	/System/Library/Frameworks/CoreServices.framework/Versions/A/Frameworks/Metadata.framework/Versions/A/Metadata
0x000000000f245000 	/System/Library/Frameworks/CoreServices.framework/Versions/A/Frameworks/OSServices.framework/Versions/A/OSServices
0x000000000f245000 	/System/Library/Frameworks/CoreServices.framework/Versions/A/Frameworks/SearchKit.framework/Versions/A/SearchKit
0x000000000f245000 	/System/Library/Frameworks/CoreServices.framework/Versions/A/Frameworks/AE.framework/Versions/A/AE
0x000000000f245000 	/System/Library/Frameworks/CoreServices.framework/Versions/A/Frameworks/LaunchServices.framework/Versions/A/LaunchServices
0x000000000f245000 	/System/Library/Frameworks/CoreServices.framework/Versions/A/Frameworks/DictionaryServices.framework/Versions/A/DictionaryServices
0x000000000f245000 	/System/Library/Frameworks/CoreServices.framework/Versions/A/Frameworks/SharedFileList.framework/Versions/A/SharedFileList
0x000000000f245000 	/System/Library/Frameworks/NetFS.framework/Versions/A/NetFS
0x000000000f245000 	/System/Library/PrivateFrameworks/NetAuth.framework/Versions/A/NetAuth
0x000000000f245000 	/System/Library/PrivateFrameworks/login.framework/Versions/A/Frameworks/loginsupport.framework/Versions/A/loginsupport
0x000000000f245000 	/System/Library/PrivateFrameworks/TCC.framework/Versions/A/TCC
0x000000000f245000 	/usr/lib/libmecabra.dylib
0x000000000f245000 	/System/Library/Frameworks/ApplicationServices.framework/Versions/A/Frameworks/ATS.framework/Versions/A/ATS
0x000000000f245000 	/System/Library/Frameworks/ApplicationServices.framework/Versions/A/Frameworks/ColorSyncLegacy.framework/Versions/A/ColorSyncLegacy
0x000000000f245000 	/System/Library/Frameworks/ApplicationServices.framework/Versions/A/Frameworks/HIServices.framework/Versions/A/HIServices
0x000000000f245000 	/System/Library/Frameworks/ApplicationServices.framework/Versions/A/Frameworks/LangAnalysis.framework/Versions/A/LangAnalysis
0x000000000f245000 	/System/Library/Frameworks/ApplicationServices.framework/Versions/A/Frameworks/PrintCore.framework/Versions/A/PrintCore
0x000000000f245000 	/System/Library/Frameworks/ApplicationServices.framework/Versions/A/Frameworks/QD.framework/Versions/A/QD
0x000000000f245000 	/System/Library/Frameworks/ApplicationServices.framework/Versions/A/Frameworks/SpeechSynthesis.framework/Versions/A/SpeechSynthesis
0x000000000f245000 	/System/Library/Frameworks/CoreDisplay.framework/Versions/A/CoreDisplay
0x000000000f245000 	/System/Library/Frameworks/Accelerate.framework/Versions/A/Frameworks/vImage.framework/Versions/A/vImage
0x000000000f245000 	/System/Library/Frameworks/Accelerate.framework/Versions/A/Frameworks/vecLib.framework/Versions/A/vecLib
0x000000000f245000 	/System/Library/Frameworks/Accelerate.framework/Versions/A/Frameworks/vecLib.framework/Versions/A/libvDSP.dylib
0x000000000f245000 	/System/Library/Frameworks/Accelerate.framework/Versions/A/Frameworks/vecLib.framework/Versions/A/libBNNS.dylib
0x000000000f245000 	/System/Library/Frameworks/Accelerate.framework/Versions/A/Frameworks/vecLib.framework/Versions/A/libQuadrature.dylib
0x000000000f245000 	/System/Library/Frameworks/Accelerate.framework/Versions/A/Frameworks/vecLib.framework/Versions/A/libvMisc.dylib
0x000000000f245000 	/System/Library/Frameworks/Accelerate.framework/Versions/A/Frameworks/vecLib.framework/Versions/A/libLAPACK.dylib
0x000000000f245000 	/System/Library/Frameworks/Accelerate.framework/Versions/A/Frameworks/vecLib.framework/Versions/A/libBLAS.dylib
0x000000000f245000 	/System/Library/Frameworks/Accelerate.framework/Versions/A/Frameworks/vecLib.framework/Versions/A/libLinearAlgebra.dylib
0x000000000f245000 	/System/Library/Frameworks/Accelerate.framework/Versions/A/Frameworks/vecLib.framework/Versions/A/libSparse.dylib
0x000000000f245000 	/System/Library/Frameworks/Accelerate.framework/Versions/A/Frameworks/vecLib.framework/Versions/A/libSparseBLAS.dylib
0x000000000f245000 	/System/Library/PrivateFrameworks/GPUWrangler.framework/Versions/A/GPUWrangler
0x000000000f245000 	/System/Library/PrivateFrameworks/IOAccelerator.framework/Versions/A/IOAccelerator
0x000000000f245000 	/System/Library/PrivateFrameworks/IOPresentment.framework/Versions/A/IOPresentment
0x000000000f245000 	/System/Library/PrivateFrameworks/DSExternalDisplay.framework/Versions/A/DSExternalDisplay
0x000000000f245000 	/System/Library/Frameworks/OpenGL.framework/Versions/A/Libraries/libCoreFSCache.dylib
0x000000000f245000 	/System/Library/Frameworks/CoreVideo.framework/Versions/A/CoreVideo
0x000000000f245000 	/System/Library/PrivateFrameworks/GraphVisualizer.framework/Versions/A/GraphVisualizer
0x000000000f245000 	/System/Library/Frameworks/MetalPerformanceShaders.framework/Versions/A/MetalPerformanceShaders
0x000000000f245000 	/usr/lib/libFosl_dynamic.dylib
0x000000000f245000 	/System/Library/PrivateFrameworks/FaceCore.framework/Versions/A/FaceCore
0x000000000f245000 	/System/Library/Frameworks/OpenCL.framework/Versions/A/OpenCL
0x000000000f245000 	/usr/lib/libcompression.dylib
0x000000000f245000 	/System/Library/Frameworks/ApplicationServices.framework/Versions/A/Frameworks/ATS.framework/Versions/A/Resources/libFontParser.dylib
0x000000000f245000 	/System/Library/Frameworks/ApplicationServices.framework/Versions/A/Frameworks/ATS.framework/Versions/A/Resources/libFontRegistry.dylib
0x000000000f245000 	/System/Library/Frameworks/ImageIO.framework/Versions/A/Resources/libJPEG.dylib
0x000000000f245000 	/System/Library/Frameworks/ImageIO.framework/Versions/A/Resources/libTIFF.dylib
0x000000000f245000 	/System/Library/Frameworks/ImageIO.framework/Versions/A/Resources/libPng.dylib
0x000000000f245000 	/System/Library/Frameworks/ImageIO.framework/Versions/A/Resources/libGIF.dylib
0x000000000f245000 	/System/Library/Frameworks/ImageIO.framework/Versions/A/Resources/libJP2.dylib
0x000000000f245000 	/System/Library/Frameworks/ImageIO.framework/Versions/A/Resources/libRadiance.dylib
0x000000000f245000 	/System/Library/PrivateFrameworks/AppleJPEG.framework/Versions/A/AppleJPEG
0x000000000f245000 	/System/Library/Frameworks/MetalPerformanceShaders.framework/Frameworks/MPSCore.framework/Versions/A/MPSCore
0x000000000f245000 	/System/Library/Frameworks/MetalPerformanceShaders.framework/Frameworks/MPSImage.framework/Versions/A/MPSImage
0x000000000f245000 	/System/Library/Frameworks/MetalPerformanceShaders.framework/Frameworks/MPSNeuralNetwork.framework/Versions/A/MPSNeuralNetwork
0x000000000f245000 	/System/Library/Frameworks/MetalPerformanceShaders.framework/Frameworks/MPSMatrix.framework/Versions/A/MPSMatrix
0x000000000f245000 	/System/Library/PrivateFrameworks/MetalTools.framework/Versions/A/MetalTools
0x000000000f245000 	/System/Library/Frameworks/OpenGL.framework/Versions/A/Libraries/libGLU.dylib
0x000000000f245000 	/System/Library/Frameworks/OpenGL.framework/Versions/A/Libraries/libGFXShared.dylib
0x000000000f245000 	/System/Library/Frameworks/OpenGL.framework/Versions/A/Libraries/libGL.dylib
0x000000000f245000 	/System/Library/Frameworks/OpenGL.framework/Versions/A/Libraries/libGLImage.dylib
0x000000000f245000 	/System/Library/Frameworks/OpenGL.framework/Versions/A/Libraries/libCVMSPluginSupport.dylib
0x000000000f245000 	/System/Library/Frameworks/OpenGL.framework/Versions/A/Libraries/libCoreVMClient.dylib
0x000000000f245000 	/usr/lib/libcups.2.dylib
0x000000000f245000 	/System/Library/Frameworks/Kerberos.framework/Versions/A/Kerberos
0x000000000f245000 	/System/Library/Frameworks/GSS.framework/Versions/A/GSS
0x000000000f245000 	/usr/lib/libresolv.9.dylib
0x000000000f245000 	/usr/lib/libiconv.2.dylib
0x000000000f245000 	/System/Library/PrivateFrameworks/Heimdal.framework/Versions/A/Heimdal
0x000000000f245000 	/usr/lib/libheimdal-asn1.dylib
0x000000000f245000 	/System/Library/Frameworks/OpenDirectory.framework/Versions/A/OpenDirectory
0x000000000f245000 	/System/Library/PrivateFrameworks/CommonAuth.framework/Versions/A/CommonAuth
0x000000000f245000 	/System/Library/Frameworks/OpenDirectory.framework/Versions/A/Frameworks/CFOpenDirectory.framework/Versions/A/CFOpenDirectory
0x000000000f245000 	/System/Library/Frameworks/SecurityFoundation.framework/Versions/A/SecurityFoundation
0x000000000f245000 	/System/Library/PrivateFrameworks/APFS.framework/Versions/A/APFS
0x000000000f245000 	/usr/lib/libutil.dylib
0x000000000f245000 	/System/Library/PrivateFrameworks/AppleSauce.framework/Versions/A/AppleSauce
0x000000000f245000 	/System/Library/PrivateFrameworks/LinguisticData.framework/Versions/A/LinguisticData
0x000000000f245000 	/usr/lib/libmarisa.dylib
0x000000000f245000 	/System/Library/PrivateFrameworks/Lexicon.framework/Versions/A/Lexicon
0x000000000f245000 	/usr/lib/libChineseTokenizer.dylib
0x000000000f245000 	/usr/lib/libcmph.dylib
0x000000000f245000 	/System/Library/PrivateFrameworks/LanguageModeling.framework/Versions/A/LanguageModeling
0x000000000f245000 	/System/Library/PrivateFrameworks/CoreEmoji.framework/Versions/A/CoreEmoji
0x000000000f245000 	/System/Library/Frameworks/ServiceManagement.framework/Versions/A/ServiceManagement
0x000000000f245000 	/System/Library/PrivateFrameworks/BackgroundTaskManagement.framework/Versions/A/BackgroundTaskManagement
0x000000000f245000 	/usr/lib/libxslt.1.dylib
0x000000000f245000 	/System/Library/Frameworks/Carbon.framework/Versions/A/Frameworks/Ink.framework/Versions/A/Ink
0x000000000f245000 	/System/Library/PrivateFrameworks/TextureIO.framework/Versions/A/TextureIO
0x000000000f245000 	/usr/lib/libate.dylib
0x000000000f245000 	/System/Library/PrivateFrameworks/CrashReporterSupport.framework/Versions/A/CrashReporterSupport
0x000000000f245000 	/System/Library/PrivateFrameworks/Sharing.framework/Versions/A/Sharing
0x000000000f245000 	/System/Library/PrivateFrameworks/IconServices.framework/Versions/A/IconServices
0x000000000f245000 	/System/Library/PrivateFrameworks/AuthKit.framework/Versions/A/AuthKit
0x000000000f245000 	/System/Library/PrivateFrameworks/Apple80211.framework/Versions/A/Apple80211
0x000000000f245000 	/System/Library/PrivateFrameworks/CoreUtils.framework/Versions/A/CoreUtils
0x000000000f245000 	/System/Library/Frameworks/CoreWLAN.framework/Versions/A/CoreWLAN
0x000000000f245000 	/System/Library/Frameworks/IOBluetooth.framework/Versions/A/IOBluetooth
0x000000000f245000 	/System/Library/PrivateFrameworks/ProtocolBuffer.framework/Versions/A/ProtocolBuffer
0x000000000f245000 	/System/Library/PrivateFrameworks/MobileKeyBag.framework/Versions/A/MobileKeyBag
0x000000000f245000 	/System/Library/PrivateFrameworks/CorePhoneNumbers.framework/Versions/A/CorePhoneNumbers
0x000000000f245000 	/System/Library/PrivateFrameworks/AppleIDAuthSupport.framework/Versions/A/AppleIDAuthSupport
0x000000000f245000 	/System/Library/PrivateFrameworks/KeychainCircle.framework/Versions/A/KeychainCircle
0x000000000f245000 	/System/Library/PrivateFrameworks/CoreWiFi.framework/Versions/A/CoreWiFi
0x000000000f245000 	/System/Library/Frameworks/CoreBluetooth.framework/Versions/A/CoreBluetooth
0x000000000f245000 	/System/Library/PrivateFrameworks/DebugSymbols.framework/Versions/A/DebugSymbols
0x000000000f245000 	/System/Library/PrivateFrameworks/CoreSymbolication.framework/Versions/A/CoreSymbolication
0x000000000f245000 	/System/Library/PrivateFrameworks/Symbolication.framework/Versions/A/Symbolication
0x000000000f245000 	/System/Library/PrivateFrameworks/AppleFSCompression.framework/Versions/A/AppleFSCompression
0x000000000f245000 	/System/Library/PrivateFrameworks/SpeechRecognitionCore.framework/Versions/A/SpeechRecognitionCore
0x0000000109c00000 	/Library/Java/JavaVirtualMachines/jdk1.8.0_65.jdk/Contents/Home/jre/lib/server/libjvm.dylib
0x000000000f245000 	/usr/lib/libstdc++.6.0.9.dylib
0x0000000108ab8000 	/Library/Java/JavaVirtualMachines/jdk1.8.0_65.jdk/Contents/Home/jre/lib/libverify.dylib
0x0000000108ac6000 	/Library/Java/JavaVirtualMachines/jdk1.8.0_65.jdk/Contents/Home/jre/lib/libjava.dylib
0x0000000108afc000 	/Library/Java/JavaVirtualMachines/jdk1.8.0_65.jdk/Contents/Home/jre/lib/libjdwp.dylib
0x0000000108b47000 	/Library/Java/JavaVirtualMachines/jdk1.8.0_65.jdk/Contents/Home/jre/lib/libnpt.dylib
0x0000000108b94000 	/Library/Java/JavaVirtualMachines/jdk1.8.0_65.jdk/Contents/Home/jre/lib/libzip.dylib
0x000000000f245000 	/System/Library/Frameworks/JavaVM.framework/Versions/A/Frameworks/JavaRuntimeSupport.framework/Versions/A/JavaRuntimeSupport
0x000000000f245000 	/System/Library/Frameworks/JavaVM.framework/Versions/A/Frameworks/JavaNativeFoundation.framework/Versions/A/JavaNativeFoundation
0x000000000f245000 	/System/Library/Frameworks/JavaVM.framework/Versions/A/JavaVM
0x000000000f245000 	/System/Library/Frameworks/Carbon.framework/Versions/A/Carbon
0x000000000f245000 	/System/Library/PrivateFrameworks/JavaLaunching.framework/Versions/A/JavaLaunching
0x000000000f245000 	/System/Library/Frameworks/Carbon.framework/Versions/A/Frameworks/CommonPanels.framework/Versions/A/CommonPanels
0x000000000f245000 	/System/Library/Frameworks/Carbon.framework/Versions/A/Frameworks/Help.framework/Versions/A/Help
0x000000000f245000 	/System/Library/Frameworks/Carbon.framework/Versions/A/Frameworks/ImageCapture.framework/Versions/A/ImageCapture
0x000000000f245000 	/System/Library/Frameworks/Carbon.framework/Versions/A/Frameworks/OpenScripting.framework/Versions/A/OpenScripting
0x000000000f245000 	/System/Library/Frameworks/Carbon.framework/Versions/A/Frameworks/Print.framework/Versions/A/Print
0x000000000f245000 	/System/Library/Frameworks/Carbon.framework/Versions/A/Frameworks/SecurityHI.framework/Versions/A/SecurityHI
0x0000000108bf6000 	/Library/Java/JavaVirtualMachines/jdk1.8.0_65.jdk/Contents/Home/jre/lib/libdt_socket.dylib
0x00000001105b1000 	/Library/Java/JavaVirtualMachines/jdk1.8.0_65.jdk/Contents/Home/jre/lib/libnet.dylib
0x0000000110610000 	/Library/Java/JavaVirtualMachines/jdk1.8.0_65.jdk/Contents/Home/jre/lib/libnio.dylib

VM Arguments:
jvm_args: -agentlib:jdwp=transport=dt_socket,suspend=y,address=localhost:52428 -Dfile.encoding=UTF-8 
java_command: System.Dependencies
java_class_path (initial): /Users/aaronmk2/Downloads/demo2/SystemDependencies/bin
Launcher Type: SUN_STANDARD

Environment Variables:
PATH=/usr/bin:/bin:/usr/sbin:/sbin
SHELL=/bin/bash

Signal Handlers:
SIGSEGV: [libjvm.dylib+0x5a6d31], sa_mask[0]=11111111011111110111111111111111, sa_flags=SA_ONSTACK|SA_RESTART|SA_SIGINFO
SIGBUS: [libjvm.dylib+0x5a6d31], sa_mask[0]=11111111011111110111111111111111, sa_flags=SA_RESTART|SA_SIGINFO
SIGFPE: [libjvm.dylib+0x480a40], sa_mask[0]=11111111011111110111111111111111, sa_flags=SA_RESTART|SA_SIGINFO
SIGPIPE: [libjvm.dylib+0x480a40], sa_mask[0]=11111111011111110111111111111111, sa_flags=SA_RESTART|SA_SIGINFO
SIGXFSZ: [libjvm.dylib+0x480a40], sa_mask[0]=11111111011111110111111111111111, sa_flags=SA_RESTART|SA_SIGINFO
SIGILL: [libjvm.dylib+0x480a40], sa_mask[0]=11111111011111110111111111111111, sa_flags=SA_RESTART|SA_SIGINFO
SIGUSR1: SIG_DFL, sa_mask[0]=00000000000000000000000000000000, sa_flags=none
SIGUSR2: [libjvm.dylib+0x48055e], sa_mask[0]=00100000000000000000000000000000, sa_flags=SA_RESTART|SA_SIGINFO
SIGHUP: [libjvm.dylib+0x47eb35], sa_mask[0]=11111111011111110111111111111111, sa_flags=SA_RESTART|SA_SIGINFO
SIGINT: [libjvm.dylib+0x47eb35], sa_mask[0]=11111111011111110111111111111111, sa_flags=SA_RESTART|SA_SIGINFO
SIGTERM: [libjvm.dylib+0x47eb35], sa_mask[0]=11111111011111110111111111111111, sa_flags=SA_RESTART|SA_SIGINFO
SIGQUIT: [libjvm.dylib+0x47eb35], sa_mask[0]=11111111011111110111111111111111, sa_flags=SA_RESTART|SA_SIGINFO


---------------  S Y S T E M  ---------------

OS:Bsduname:Darwin 17.7.0 Darwin Kernel Version 17.7.0: Thu Jun 18 21:21:34 PDT 2020; root:xnu-4570.71.82.5~1/RELEASE_X86_64 x86_64
rlimit: STACK 8192k, CORE 0k, NPROC 1418, NOFILE 10240, AS infinity
load average:2.94 2.92 2.82

CPU:total 8 (4 cores per cpu, 2 threads per core) family 6 model 70 stepping 1, cmov, cx8, fxsr, mmx, sse, sse2, sse3, ssse3, sse4.1, sse4.2, popcnt, avx, avx2, aes, clmul, erms, lzcnt, ht, tsc, tscinvbit, bmi1, bmi2

Memory: 4k page, physical 16777216k(27212k free)

/proc/meminfo:


vm_info: Java HotSpot(TM) 64-Bit Server VM (25.65-b01) for bsd-amd64 JRE (1.8.0_65-b17), built on Oct  6 2015 15:36:46 by "java_re" with gcc 4.2.1 (Based on Apple Inc. build 5658) (LLVM build 2336.11.00)

time: Thu Aug 27 10:49:31 2020
elapsed time: 1514 seconds (0d 0h 25m 14s)

