#
# A fatal error has been detected by the Java Runtime Environment:
#
#  SIGSEGV (0xb) at pc=0x0000000109c46908, pid=36063, tid=14087
#
# JRE version: Java(TM) SE Runtime Environment (8.0_65-b17) (build 1.8.0_65-b17)
# Java VM: Java HotSpot(TM) 64-Bit Server VM (25.65-b01 mixed mode bsd-amd64 compressed oops)
# Problematic frame:
# V  [libjvm.dylib+0x446908]
#
# Failed to write core dump. Core dumps have been disabled. To enable core dumping, try "ulimit -c unlimited" before starting Java again
#
# If you would like to submit a bug report, please visit:
#   http://bugreport.java.com/bugreport/crash.jsp
#

---------------  T H R E A D  ---------------

Current thread (0x00007fb65c027000):  JavaThread "JDWP Transport Listener: dt_socket" daemon [_thread_in_vm, id=14087, stack(0x000070000c0ac000,0x000070000c1ac000)]

siginfo: si_signo: 11 (SIGSEGV), si_code: 0 (unknown), si_addr: 0x0000000000000000

Registers:
RAX=0x0000000000000001, RBX=0x000070000c1aba8b, RCX=0x000000010a015310, RDX=0x000070000c1aba8b
RSP=0x000070000c1ab9d0, RBP=0x000070000c1ab9e0, RSI=0x00007fb65c027000, RDI=0x0003000000000000
R8 =0x0000000000000014, R9 =0x0000000000000000, R10=0x000007fb65960484, R11=0x0000000000000015
R12=0x00007fb65c027000, R13=0x0003000000000000, R14=0x0003000000000000, R15=0x00007fb65a300590
RIP=0x0000000109c46908, EFLAGS=0x0000000000010206, ERR=0x0000000000000000
  TRAPNO=0x000000000000000d

Top of Stack: (sp=0x000070000c1ab9d0)
0x000070000c1ab9d0:   000070000c1aba8b 000070000c1aba8b
0x000070000c1ab9e0:   000070000c1aba40 0000000109b55a02
0x000070000c1ab9f0:   00007fb65c027000 0000000000000000
0x000070000c1aba00:   0000000000000000 0000000000000000
0x000070000c1aba10:   00007fb65c027000 00007fb65c027000
0x000070000c1aba20:   000070000c1aba8b 000070000c1aba90
0x000070000c1aba30:   0003000000000000 0000000000000005
0x000070000c1aba40:   000070000c1aba60 0000000108784780
0x000070000c1aba50:   0000000000000001 000070000c1abb08
0x000070000c1aba60:   000070000c1abad0 00000001087691f3
0x000070000c1aba70:   000070000c1abaa0 00007fb659603650
0x000070000c1aba80:   0000000600000032 0000000a001abb08
0x000070000c1aba90:   0000000000000000 0000000000000000
0x000070000c1abaa0:   0000000000000000 000070000c1abc90
0x000070000c1abab0:   000000010878be7a 00007fb659604370
0x000070000c1abac0:   000070000c1abb08 0000000108797598
0x000070000c1abad0:   000070000c1abae0 00000001087692ec
0x000070000c1abae0:   000070000c1abd00 0000000108772898
0x000070000c1abaf0:   00002e1e00000013 00000000000f0200
0x000070000c1abb00:   00007fb6596003c0 00007fb65d8000a6
0x000070000c1abb10:   000000000000040a 00007fb659604450
0x000070000c1abb20:   000001000000012c 000070000c1abb58
0x000070000c1abb30:   00007fb6596009a0 00007f0000000000
0x000070000c1abb40:   00002e1e0000001c 00007fb600000b80
0x000070000c1abb50:   000070000c1abb58 b67f000006000000
0x000070000c1abb60:   06000000407b025a 00003e74696e693c
0x000070000c1abb70:   0000005629280300 7f00000100000000
0x000070000c1abb80:   000000487b025ab6 0000006e69616d04
0x000070000c1abb90:   6176616a4c5b2816 74532f676e616c2f
0x000070000c1abba0:   0056293b676e6972 0009000000000000
0x000070000c1abbb0:   00507b025ab67f00 43646e69660b0000
0x000070000c1abbc0:   0000646e616d6d6f 6176616a4c286500 

Instructions: (pc=0x0000000109c46908)
0x0000000109c468e8:   40 48 48 85 c0 75 e0 30 c0 0f b6 c0 5d c3 31 c0
0x0000000109c468f8:   5d c3 55 48 89 e5 53 48 83 ec 08 48 85 ff 74 24
0x0000000109c46908:   48 8b 1f 48 85 db 74 1c 48 83 fb 37 74 16 48 8b
0x0000000109c46918:   03 48 89 df ff 50 10 84 c0 b8 00 00 00 00 48 0f 

Register to memory mapping:

RAX=0x0000000000000001 is an unknown value
RBX=0x000070000c1aba8b is pointing into the stack for thread: 0x00007fb65c027000
RCX=0x000000010a015310: UseMembar+0 in /Library/Java/JavaVirtualMachines/jdk1.8.0_65.jdk/Contents/Home/jre/lib/server/libjvm.dylib at 0x0000000109800000
RDX=0x000070000c1aba8b is pointing into the stack for thread: 0x00007fb65c027000
RSP=0x000070000c1ab9d0 is pointing into the stack for thread: 0x00007fb65c027000
RBP=0x000070000c1ab9e0 is pointing into the stack for thread: 0x00007fb65c027000
RSI=0x00007fb65c027000 is a thread
RDI=0x0003000000000000 is an unknown value
R8 =0x0000000000000014 is an unknown value
R9 =0x0000000000000000 is an unknown value
R10=0x000007fb65960484 is an unknown value
R11=0x0000000000000015 is an unknown value
R12=0x00007fb65c027000 is a thread
R13=0x0003000000000000 is an unknown value
R14=0x0003000000000000 is an unknown value
R15=0x00007fb65a300590 is an unknown value


Stack: [0x000070000c0ac000,0x000070000c1ac000],  sp=0x000070000c1ab9d0,  free space=1022k
Native frames: (J=compiled Java code, j=interpreted, Vv=VM code, C=native code)
V  [libjvm.dylib+0x446908]
V  [libjvm.dylib+0x355a02]
C  [libjdwp.dylib+0x20780]  isMethodSynthetic+0x63
C  [libjdwp.dylib+0x51f3]  methods1+0x10b
C  [libjdwp.dylib+0x52ec]  methodsWithGeneric+0xe
C  [libjdwp.dylib+0xe898]  debugLoop_run+0x1ce
C  [libjdwp.dylib+0x1f6ba]  attachThread+0x4d
V  [libjvm.dylib+0x396d60]
V  [libjvm.dylib+0x5612d3]
V  [libjvm.dylib+0x5629ce]
V  [libjvm.dylib+0x48342e]
C  [libsystem_pthread.dylib+0x3661]  _pthread_body+0x154
C  [libsystem_pthread.dylib+0x350d]  _pthread_body+0x0
C  [libsystem_pthread.dylib+0x2bf9]  thread_start+0xd
C  0x0000000000000000


---------------  P R O C E S S  ---------------

Java Threads: ( => current thread )
  0x00007fb659819800 JavaThread "Service Thread" daemon [_thread_blocked, id=22275, stack(0x000070000c7c1000,0x000070000c8c1000)]
  0x00007fb65d004000 JavaThread "C1 CompilerThread3" daemon [_thread_blocked, id=21763, stack(0x000070000c6be000,0x000070000c7be000)]
  0x00007fb65b016800 JavaThread "C2 CompilerThread2" daemon [_thread_blocked, id=15107, stack(0x000070000c5bb000,0x000070000c6bb000)]
  0x00007fb65d005000 JavaThread "C2 CompilerThread1" daemon [_thread_blocked, id=15619, stack(0x000070000c4b8000,0x000070000c5b8000)]
  0x00007fb65b800800 JavaThread "C2 CompilerThread0" daemon [_thread_blocked, id=14339, stack(0x000070000c3b5000,0x000070000c4b5000)]
  0x00007fb65c803000 JavaThread "JDWP Command Reader" daemon [_thread_in_native, id=16131, stack(0x000070000c2b2000,0x000070000c3b2000)]
  0x00007fb65c019800 JavaThread "JDWP Event Helper Thread" daemon [_thread_blocked, id=16643, stack(0x000070000c1af000,0x000070000c2af000)]
=>0x00007fb65c027000 JavaThread "JDWP Transport Listener: dt_socket" daemon [_thread_in_vm, id=14087, stack(0x000070000c0ac000,0x000070000c1ac000)]
  0x00007fb659814800 JavaThread "Signal Dispatcher" daemon [_thread_blocked, id=17415, stack(0x000070000bfa9000,0x000070000c0a9000)]
  0x00007fb65a80e000 JavaThread "Finalizer" daemon [_thread_blocked, id=12547, stack(0x000070000bea6000,0x000070000bfa6000)]
  0x00007fb65a80d800 JavaThread "Reference Handler" daemon [_thread_blocked, id=12035, stack(0x000070000bda3000,0x000070000bea3000)]
  0x00007fb65a800000 JavaThread "main" [_thread_blocked, id=5635, stack(0x000070000b385000,0x000070000b485000)]

Other Threads:
  0x00007fb65c010800 VMThread [stack: 0x000070000bca0000,0x000070000bda0000] [id=19715]
  0x00007fb65a833000 WatcherThread [stack: 0x000070000c8c4000,0x000070000c9c4000] [id=43267]

VM state:not at safepoint (normal execution)

VM Mutex/Monitor currently owned by a thread: None

Heap:
 PSYoungGen      total 76288K, used 5243K [0x000000076ab00000, 0x0000000770000000, 0x00000007c0000000)
  eden space 65536K, 8% used [0x000000076ab00000,0x000000076b01ec70,0x000000076eb00000)
  from space 10752K, 0% used [0x000000076f580000,0x000000076f580000,0x0000000770000000)
  to   space 10752K, 0% used [0x000000076eb00000,0x000000076eb00000,0x000000076f580000)
 ParOldGen       total 175104K, used 0K [0x00000006c0000000, 0x00000006cab00000, 0x000000076ab00000)
  object space 175104K, 0% used [0x00000006c0000000,0x00000006c0000000,0x00000006cab00000)
 Metaspace       used 3469K, capacity 4602K, committed 4864K, reserved 1056768K
  class space    used 396K, capacity 426K, committed 512K, reserved 1048576K

Card table byte_map: [0x000000010ab52000,0x000000010b353000] byte_map_base: 0x0000000107552000

Marking Bits: (ParMarkBitMap*) 0x000000010a0dee20
 Begin Bits: [0x0000000120d67000, 0x0000000124d67000)
 End Bits:   [0x0000000124d67000, 0x0000000128d67000)

Polling page: 0x0000000108763000

CodeCache: size=245760Kb used=1150Kb max_used=1150Kb free=244609Kb
 bounds [0x0000000111d67000, 0x0000000111fd7000, 0x0000000120d67000]
 total_blobs=288 nmethods=44 adapters=166
 compilation: enabled

Compilation events (10 events):
Event: 0.258 Thread 0x00007fb65d004000   39       3       java.util.HashMap::newNode (13 bytes)
Event: 0.258 Thread 0x00007fb65d004000 nmethod 39 0x0000000111e84750 code [0x0000000111e848c0, 0x0000000111e84b70]
Event: 0.258 Thread 0x00007fb65d004000   40       3       java.util.HashMap::afterNodeInsertion (1 bytes)
Event: 0.258 Thread 0x00007fb65d004000 nmethod 40 0x0000000111e84cd0 code [0x0000000111e84e20, 0x0000000111e84f70]
Event: 0.260 Thread 0x00007fb65d004000   41       1       java.lang.String::length (6 bytes)
Event: 0.260 Thread 0x00007fb65d004000 nmethod 41 0x0000000111e85c50 code [0x0000000111e85da0, 0x0000000111e85eb0]
Event: 0.265 Thread 0x00007fb65d004000   42       1       java.nio.Buffer::position (5 bytes)
Event: 0.265 Thread 0x00007fb65d004000 nmethod 42 0x0000000111e86550 code [0x0000000111e866a0, 0x0000000111e867b0]
Event: 1477.065 Thread 0x00007fb65d004000   43       3       java.util.concurrent.ConcurrentHashMap::setTabAt (19 bytes)
Event: 1477.065 Thread 0x00007fb65d004000 nmethod 43 0x0000000111e86b90 code [0x0000000111e86ce0, 0x0000000111e86e50]

GC Heap History (0 events):
No events

Deoptimization events (0 events):
No events

Internal exceptions (6 events):
Event: 0.048 Thread 0x00007fb65a800000 Exception <a 'java/lang/NoSuchMethodError': Method sun.misc.Unsafe.defineClass(Ljava/lang/String;[BII)Ljava/lang/Class; name or signature does not match> (0x000000076ab12f10) thrown at [/Users/java_re/workspace/8-2-build-macosx-x86_64/jdk8u65/4987/hotspot
Event: 0.048 Thread 0x00007fb65a800000 Exception <a 'java/lang/NoSuchMethodError': Method sun.misc.Unsafe.prefetchRead(Ljava/lang/Object;J)V name or signature does not match> (0x000000076ab131f8) thrown at [/Users/java_re/workspace/8-2-build-macosx-x86_64/jdk8u65/4987/hotspot/src/share/vm/prim
Event: 0.252 Thread 0x00007fb65a800000 Exception <a 'java/security/PrivilegedActionException'> (0x000000076ab9e6d8) thrown at [/Users/java_re/workspace/8-2-build-macosx-x86_64/jdk8u65/4987/hotspot/src/share/vm/prims/jvm.cpp, line 1386]
Event: 0.252 Thread 0x00007fb65a800000 Exception <a 'java/security/PrivilegedActionException'> (0x000000076ab9ead0) thrown at [/Users/java_re/workspace/8-2-build-macosx-x86_64/jdk8u65/4987/hotspot/src/share/vm/prims/jvm.cpp, line 1386]
Event: 0.252 Thread 0x00007fb65a800000 Exception <a 'java/security/PrivilegedActionException'> (0x000000076aba1f58) thrown at [/Users/java_re/workspace/8-2-build-macosx-x86_64/jdk8u65/4987/hotspot/src/share/vm/prims/jvm.cpp, line 1386]
Event: 0.252 Thread 0x00007fb65a800000 Exception <a 'java/security/PrivilegedActionException'> (0x000000076aba2350) thrown at [/Users/java_re/workspace/8-2-build-macosx-x86_64/jdk8u65/4987/hotspot/src/share/vm/prims/jvm.cpp, line 1386]

Events (10 events):
Event: 1477.060 Executing VM operation: GetCurrentLocation
Event: 1477.060 Executing VM operation: GetCurrentLocation done
Event: 1477.060 Executing VM operation: EnterInterpOnlyMode
Event: 1477.061 Executing VM operation: EnterInterpOnlyMode done
Event: 1477.061 Executing VM operation: ChangeSingleStep
Event: 1477.061 Executing VM operation: ChangeSingleStep done
Event: 1477.061 Executing VM operation: ChangeSingleStep
Event: 1477.061 Executing VM operation: ChangeSingleStep done
Event: 1477.066 Executing VM operation: RedefineClasses
Event: 1477.067 Executing VM operation: RedefineClasses done


Dynamic libraries:
0x000000000f245000 	/System/Library/Frameworks/Cocoa.framework/Versions/A/Cocoa
0x000000000f245000 	/System/Library/Frameworks/Security.framework/Versions/A/Security
0x000000000f245000 	/System/Library/Frameworks/ApplicationServices.framework/Versions/A/ApplicationServices
0x000000000f245000 	/usr/lib/libz.1.dylib
0x000000000f245000 	/usr/lib/libSystem.B.dylib
0x000000000f245000 	/usr/lib/libobjc.A.dylib
0x000000000f245000 	/System/Library/Frameworks/CoreFoundation.framework/Versions/A/CoreFoundation
0x000000000f245000 	/System/Library/Frameworks/Foundation.framework/Versions/C/Foundation
0x000000000f245000 	/System/Library/Frameworks/AppKit.framework/Versions/C/AppKit
0x000000000f245000 	/System/Library/Frameworks/CoreData.framework/Versions/A/CoreData
0x000000000f245000 	/System/Library/PrivateFrameworks/RemoteViewServices.framework/Versions/A/RemoteViewServices
0x000000000f245000 	/System/Library/PrivateFrameworks/UIFoundation.framework/Versions/A/UIFoundation
0x000000000f245000 	/System/Library/PrivateFrameworks/DFRFoundation.framework/Versions/A/DFRFoundation
0x000000000f245000 	/System/Library/Frameworks/Metal.framework/Versions/A/Metal
0x000000000f245000 	/System/Library/PrivateFrameworks/DesktopServicesPriv.framework/Versions/A/DesktopServicesPriv
0x000000000f245000 	/usr/lib/libenergytrace.dylib
0x000000000f245000 	/System/Library/PrivateFrameworks/SkyLight.framework/Versions/A/SkyLight
0x000000000f245000 	/System/Library/Frameworks/CoreGraphics.framework/Versions/A/CoreGraphics
0x000000000f245000 	/usr/lib/libScreenReader.dylib
0x000000000f245000 	/System/Library/Frameworks/Accelerate.framework/Versions/A/Accelerate
0x000000000f245000 	/System/Library/Frameworks/IOSurface.framework/Versions/A/IOSurface
0x000000000f245000 	/System/Library/Frameworks/AudioToolbox.framework/Versions/A/AudioToolbox
0x000000000f245000 	/System/Library/Frameworks/AudioUnit.framework/Versions/A/AudioUnit
0x000000000f245000 	/System/Library/PrivateFrameworks/DataDetectorsCore.framework/Versions/A/DataDetectorsCore
0x000000000f245000 	/System/Library/Frameworks/Carbon.framework/Versions/A/Frameworks/HIToolbox.framework/Versions/A/HIToolbox
0x000000000f245000 	/usr/lib/libicucore.A.dylib
0x000000000f245000 	/System/Library/Frameworks/QuartzCore.framework/Versions/A/QuartzCore
0x000000000f245000 	/System/Library/PrivateFrameworks/SignpostNotification.framework/Versions/A/SignpostNotification
0x000000000f245000 	/System/Library/Frameworks/Carbon.framework/Versions/A/Frameworks/SpeechRecognition.framework/Versions/A/SpeechRecognition
0x000000000f245000 	/usr/lib/libauto.dylib
0x000000000f245000 	/usr/lib/libxml2.2.dylib
0x000000000f245000 	/System/Library/PrivateFrameworks/CoreUI.framework/Versions/A/CoreUI
0x000000000f245000 	/System/Library/Frameworks/CoreAudio.framework/Versions/A/CoreAudio
0x000000000f245000 	/System/Library/Frameworks/DiskArbitration.framework/Versions/A/DiskArbitration
0x000000000f245000 	/usr/lib/liblangid.dylib
0x000000000f245000 	/System/Library/PrivateFrameworks/MultitouchSupport.framework/Versions/A/MultitouchSupport
0x000000000f245000 	/System/Library/Frameworks/IOKit.framework/Versions/A/IOKit
0x000000000f245000 	/usr/lib/libDiagnosticMessagesClient.dylib
0x000000000f245000 	/System/Library/Frameworks/CoreServices.framework/Versions/A/CoreServices
0x000000000f245000 	/System/Library/PrivateFrameworks/PerformanceAnalysis.framework/Versions/A/PerformanceAnalysis
0x000000000f245000 	/System/Library/Frameworks/OpenGL.framework/Versions/A/OpenGL
0x000000000f245000 	/System/Library/Frameworks/ColorSync.framework/Versions/A/ColorSync
0x000000000f245000 	/System/Library/Frameworks/CoreImage.framework/Versions/A/CoreImage
0x000000000f245000 	/System/Library/Frameworks/CoreText.framework/Versions/A/CoreText
0x000000000f245000 	/System/Library/Frameworks/ImageIO.framework/Versions/A/ImageIO
0x000000000f245000 	/System/Library/PrivateFrameworks/Backup.framework/Versions/A/Backup
0x000000000f245000 	/usr/lib/libarchive.2.dylib
0x000000000f245000 	/System/Library/Frameworks/CFNetwork.framework/Versions/A/CFNetwork
0x000000000f245000 	/System/Library/Frameworks/SystemConfiguration.framework/Versions/A/SystemConfiguration
0x000000000f245000 	/usr/lib/libCRFSuite.dylib
0x000000000f245000 	/usr/lib/libc++.1.dylib
0x000000000f245000 	/usr/lib/libc++abi.dylib
0x000000000f245000 	/usr/lib/system/libcache.dylib
0x000000000f245000 	/usr/lib/system/libcommonCrypto.dylib
0x000000000f245000 	/usr/lib/system/libcompiler_rt.dylib
0x000000000f245000 	/usr/lib/system/libcopyfile.dylib
0x000000000f245000 	/usr/lib/system/libcorecrypto.dylib
0x000000000f245000 	/usr/lib/system/libdispatch.dylib
0x000000000f245000 	/usr/lib/system/libdyld.dylib
0x000000000f245000 	/usr/lib/system/libkeymgr.dylib
0x000000000f245000 	/usr/lib/system/liblaunch.dylib
0x000000000f245000 	/usr/lib/system/libmacho.dylib
0x000000000f245000 	/usr/lib/system/libquarantine.dylib
0x000000000f245000 	/usr/lib/system/libremovefile.dylib
0x000000000f245000 	/usr/lib/system/libsystem_asl.dylib
0x000000000f245000 	/usr/lib/system/libsystem_blocks.dylib
0x000000000f245000 	/usr/lib/system/libsystem_c.dylib
0x000000000f245000 	/usr/lib/system/libsystem_configuration.dylib
0x000000000f245000 	/usr/lib/system/libsystem_coreservices.dylib
0x000000000f245000 	/usr/lib/system/libsystem_darwin.dylib
0x000000000f245000 	/usr/lib/system/libsystem_dnssd.dylib
0x000000000f245000 	/usr/lib/system/libsystem_info.dylib
0x000000000f245000 	/usr/lib/system/libsystem_m.dylib
0x000000000f245000 	/usr/lib/system/libsystem_malloc.dylib
0x000000000f245000 	/usr/lib/system/libsystem_network.dylib
0x000000000f245000 	/usr/lib/system/libsystem_networkextension.dylib
0x000000000f245000 	/usr/lib/system/libsystem_notify.dylib
0x000000000f245000 	/usr/lib/system/libsystem_sandbox.dylib
0x000000000f245000 	/usr/lib/system/libsystem_secinit.dylib
0x000000000f245000 	/usr/lib/system/libsystem_kernel.dylib
0x000000000f245000 	/usr/lib/system/libsystem_platform.dylib
0x000000000f245000 	/usr/lib/system/libsystem_pthread.dylib
0x000000000f245000 	/usr/lib/system/libsystem_symptoms.dylib
0x000000000f245000 	/usr/lib/system/libsystem_trace.dylib
0x000000000f245000 	/usr/lib/system/libunwind.dylib
0x000000000f245000 	/usr/lib/system/libxpc.dylib
0x000000000f245000 	/usr/lib/closure/libclosured.dylib
0x000000000f245000 	/usr/lib/libbsm.0.dylib
0x000000000f245000 	/usr/lib/system/libkxld.dylib
0x000000000f245000 	/usr/lib/libOpenScriptingUtil.dylib
0x000000000f245000 	/usr/lib/libcoretls.dylib
0x000000000f245000 	/usr/lib/libcoretls_cfhelpers.dylib
0x000000000f245000 	/usr/lib/libpam.2.dylib
0x000000000f245000 	/usr/lib/libsqlite3.dylib
0x000000000f245000 	/usr/lib/libxar.1.dylib
0x000000000f245000 	/usr/lib/libbz2.1.0.dylib
0x000000000f245000 	/usr/lib/liblzma.5.dylib
0x000000000f245000 	/usr/lib/libnetwork.dylib
0x000000000f245000 	/usr/lib/libapple_nghttp2.dylib
0x000000000f245000 	/usr/lib/libpcap.A.dylib
0x000000000f245000 	/usr/lib/libboringssl.dylib
0x000000000f245000 	/usr/lib/libusrtcp.dylib
0x000000000f245000 	/usr/lib/libapple_crypto.dylib
0x000000000f245000 	/System/Library/Frameworks/CoreServices.framework/Versions/A/Frameworks/FSEvents.framework/Versions/A/FSEvents
0x000000000f245000 	/System/Library/Frameworks/CoreServices.framework/Versions/A/Frameworks/CarbonCore.framework/Versions/A/CarbonCore
0x000000000f245000 	/System/Library/Frameworks/CoreServices.framework/Versions/A/Frameworks/Metadata.framework/Versions/A/Metadata
0x000000000f245000 	/System/Library/Frameworks/CoreServices.framework/Versions/A/Frameworks/OSServices.framework/Versions/A/OSServices
0x000000000f245000 	/System/Library/Frameworks/CoreServices.framework/Versions/A/Frameworks/SearchKit.framework/Versions/A/SearchKit
0x000000000f245000 	/System/Library/Frameworks/CoreServices.framework/Versions/A/Frameworks/AE.framework/Versions/A/AE
0x000000000f245000 	/System/Library/Frameworks/CoreServices.framework/Versions/A/Frameworks/LaunchServices.framework/Versions/A/LaunchServices
0x000000000f245000 	/System/Library/Frameworks/CoreServices.framework/Versions/A/Frameworks/DictionaryServices.framework/Versions/A/DictionaryServices
0x000000000f245000 	/System/Library/Frameworks/CoreServices.framework/Versions/A/Frameworks/SharedFileList.framework/Versions/A/SharedFileList
0x000000000f245000 	/System/Library/Frameworks/NetFS.framework/Versions/A/NetFS
0x000000000f245000 	/System/Library/PrivateFrameworks/NetAuth.framework/Versions/A/NetAuth
0x000000000f245000 	/System/Library/PrivateFrameworks/login.framework/Versions/A/Frameworks/loginsupport.framework/Versions/A/loginsupport
0x000000000f245000 	/System/Library/PrivateFrameworks/TCC.framework/Versions/A/TCC
0x000000000f245000 	/usr/lib/libmecabra.dylib
0x000000000f245000 	/System/Library/Frameworks/ApplicationServices.framework/Versions/A/Frameworks/ATS.framework/Versions/A/ATS
0x000000000f245000 	/System/Library/Frameworks/ApplicationServices.framework/Versions/A/Frameworks/ColorSyncLegacy.framework/Versions/A/ColorSyncLegacy
0x000000000f245000 	/System/Library/Frameworks/ApplicationServices.framework/Versions/A/Frameworks/HIServices.framework/Versions/A/HIServices
0x000000000f245000 	/System/Library/Frameworks/ApplicationServices.framework/Versions/A/Frameworks/LangAnalysis.framework/Versions/A/LangAnalysis
0x000000000f245000 	/System/Library/Frameworks/ApplicationServices.framework/Versions/A/Frameworks/PrintCore.framework/Versions/A/PrintCore
0x000000000f245000 	/System/Library/Frameworks/ApplicationServices.framework/Versions/A/Frameworks/QD.framework/Versions/A/QD
0x000000000f245000 	/System/Library/Frameworks/ApplicationServices.framework/Versions/A/Frameworks/SpeechSynthesis.framework/Versions/A/SpeechSynthesis
0x000000000f245000 	/System/Library/Frameworks/CoreDisplay.framework/Versions/A/CoreDisplay
0x000000000f245000 	/System/Library/Frameworks/Accelerate.framework/Versions/A/Frameworks/vImage.framework/Versions/A/vImage
0x000000000f245000 	/System/Library/Frameworks/Accelerate.framework/Versions/A/Frameworks/vecLib.framework/Versions/A/vecLib
0x000000000f245000 	/System/Library/Frameworks/Accelerate.framework/Versions/A/Frameworks/vecLib.framework/Versions/A/libvDSP.dylib
0x000000000f245000 	/System/Library/Frameworks/Accelerate.framework/Versions/A/Frameworks/vecLib.framework/Versions/A/libBNNS.dylib
0x000000000f245000 	/System/Library/Frameworks/Accelerate.framework/Versions/A/Frameworks/vecLib.framework/Versions/A/libQuadrature.dylib
0x000000000f245000 	/System/Library/Frameworks/Accelerate.framework/Versions/A/Frameworks/vecLib.framework/Versions/A/libvMisc.dylib
0x000000000f245000 	/System/Library/Frameworks/Accelerate.framework/Versions/A/Frameworks/vecLib.framework/Versions/A/libLAPACK.dylib
0x000000000f245000 	/System/Library/Frameworks/Accelerate.framework/Versions/A/Frameworks/vecLib.framework/Versions/A/libBLAS.dylib
0x000000000f245000 	/System/Library/Frameworks/Accelerate.framework/Versions/A/Frameworks/vecLib.framework/Versions/A/libLinearAlgebra.dylib
0x000000000f245000 	/System/Library/Frameworks/Accelerate.framework/Versions/A/Frameworks/vecLib.framework/Versions/A/libSparse.dylib
0x000000000f245000 	/System/Library/Frameworks/Accelerate.framework/Versions/A/Frameworks/vecLib.framework/Versions/A/libSparseBLAS.dylib
0x000000000f245000 	/System/Library/PrivateFrameworks/GPUWrangler.framework/Versions/A/GPUWrangler
0x000000000f245000 	/System/Library/PrivateFrameworks/IOAccelerator.framework/Versions/A/IOAccelerator
0x000000000f245000 	/System/Library/PrivateFrameworks/IOPresentment.framework/Versions/A/IOPresentment
0x000000000f245000 	/System/Library/PrivateFrameworks/DSExternalDisplay.framework/Versions/A/DSExternalDisplay
0x000000000f245000 	/System/Library/Frameworks/OpenGL.framework/Versions/A/Libraries/libCoreFSCache.dylib
0x000000000f245000 	/System/Library/Frameworks/CoreVideo.framework/Versions/A/CoreVideo
0x000000000f245000 	/System/Library/PrivateFrameworks/GraphVisualizer.framework/Versions/A/GraphVisualizer
0x000000000f245000 	/System/Library/Frameworks/MetalPerformanceShaders.framework/Versions/A/MetalPerformanceShaders
0x000000000f245000 	/usr/lib/libFosl_dynamic.dylib
0x000000000f245000 	/System/Library/PrivateFrameworks/FaceCore.framework/Versions/A/FaceCore
0x000000000f245000 	/System/Library/Frameworks/OpenCL.framework/Versions/A/OpenCL
0x000000000f245000 	/usr/lib/libcompression.dylib
0x000000000f245000 	/System/Library/Frameworks/ApplicationServices.framework/Versions/A/Frameworks/ATS.framework/Versions/A/Resources/libFontParser.dylib
0x000000000f245000 	/System/Library/Frameworks/ApplicationServices.framework/Versions/A/Frameworks/ATS.framework/Versions/A/Resources/libFontRegistry.dylib
0x000000000f245000 	/System/Library/Frameworks/ImageIO.framework/Versions/A/Resources/libJPEG.dylib
0x000000000f245000 	/System/Library/Frameworks/ImageIO.framework/Versions/A/Resources/libTIFF.dylib
0x000000000f245000 	/System/Library/Frameworks/ImageIO.framework/Versions/A/Resources/libPng.dylib
0x000000000f245000 	/System/Library/Frameworks/ImageIO.framework/Versions/A/Resources/libGIF.dylib
0x000000000f245000 	/System/Library/Frameworks/ImageIO.framework/Versions/A/Resources/libJP2.dylib
0x000000000f245000 	/System/Library/Frameworks/ImageIO.framework/Versions/A/Resources/libRadiance.dylib
0x000000000f245000 	/System/Library/PrivateFrameworks/AppleJPEG.framework/Versions/A/AppleJPEG
0x000000000f245000 	/System/Library/Frameworks/MetalPerformanceShaders.framework/Frameworks/MPSCore.framework/Versions/A/MPSCore
0x000000000f245000 	/System/Library/Frameworks/MetalPerformanceShaders.framework/Frameworks/MPSImage.framework/Versions/A/MPSImage
0x000000000f245000 	/System/Library/Frameworks/MetalPerformanceShaders.framework/Frameworks/MPSNeuralNetwork.framework/Versions/A/MPSNeuralNetwork
0x000000000f245000 	/System/Library/Frameworks/MetalPerformanceShaders.framework/Frameworks/MPSMatrix.framework/Versions/A/MPSMatrix
0x000000000f245000 	/System/Library/PrivateFrameworks/MetalTools.framework/Versions/A/MetalTools
0x000000000f245000 	/System/Library/Frameworks/OpenGL.framework/Versions/A/Libraries/libGLU.dylib
0x000000000f245000 	/System/Library/Frameworks/OpenGL.framework/Versions/A/Libraries/libGFXShared.dylib
0x000000000f245000 	/System/Library/Frameworks/OpenGL.framework/Versions/A/Libraries/libGL.dylib
0x000000000f245000 	/System/Library/Frameworks/OpenGL.framework/Versions/A/Libraries/libGLImage.dylib
0x000000000f245000 	/System/Library/Frameworks/OpenGL.framework/Versions/A/Libraries/libCVMSPluginSupport.dylib
0x000000000f245000 	/System/Library/Frameworks/OpenGL.framework/Versions/A/Libraries/libCoreVMClient.dylib
0x000000000f245000 	/usr/lib/libcups.2.dylib
0x000000000f245000 	/System/Library/Frameworks/Kerberos.framework/Versions/A/Kerberos
0x000000000f245000 	/System/Library/Frameworks/GSS.framework/Versions/A/GSS
0x000000000f245000 	/usr/lib/libresolv.9.dylib
0x000000000f245000 	/usr/lib/libiconv.2.dylib
0x000000000f245000 	/System/Library/PrivateFrameworks/Heimdal.framework/Versions/A/Heimdal
0x000000000f245000 	/usr/lib/libheimdal-asn1.dylib
0x000000000f245000 	/System/Library/Frameworks/OpenDirectory.framework/Versions/A/OpenDirectory
0x000000000f245000 	/System/Library/PrivateFrameworks/CommonAuth.framework/Versions/A/CommonAuth
0x000000000f245000 	/System/Library/Frameworks/OpenDirectory.framework/Versions/A/Frameworks/CFOpenDirectory.framework/Versions/A/CFOpenDirectory
0x000000000f245000 	/System/Library/Frameworks/SecurityFoundation.framework/Versions/A/SecurityFoundation
0x000000000f245000 	/System/Library/PrivateFrameworks/APFS.framework/Versions/A/APFS
0x000000000f245000 	/usr/lib/libutil.dylib
0x000000000f245000 	/System/Library/PrivateFrameworks/AppleSauce.framework/Versions/A/AppleSauce
0x000000000f245000 	/System/Library/PrivateFrameworks/LinguisticData.framework/Versions/A/LinguisticData
0x000000000f245000 	/usr/lib/libmarisa.dylib
0x000000000f245000 	/System/Library/PrivateFrameworks/Lexicon.framework/Versions/A/Lexicon
0x000000000f245000 	/usr/lib/libChineseTokenizer.dylib
0x000000000f245000 	/usr/lib/libcmph.dylib
0x000000000f245000 	/System/Library/PrivateFrameworks/LanguageModeling.framework/Versions/A/LanguageModeling
0x000000000f245000 	/System/Library/PrivateFrameworks/CoreEmoji.framework/Versions/A/CoreEmoji
0x000000000f245000 	/System/Library/Frameworks/ServiceManagement.framework/Versions/A/ServiceManagement
0x000000000f245000 	/System/Library/PrivateFrameworks/BackgroundTaskManagement.framework/Versions/A/BackgroundTaskManagement
0x000000000f245000 	/usr/lib/libxslt.1.dylib
0x000000000f245000 	/System/Library/Frameworks/Carbon.framework/Versions/A/Frameworks/Ink.framework/Versions/A/Ink
0x000000000f245000 	/System/Library/PrivateFrameworks/TextureIO.framework/Versions/A/TextureIO
0x000000000f245000 	/usr/lib/libate.dylib
0x000000000f245000 	/System/Library/PrivateFrameworks/CrashReporterSupport.framework/Versions/A/CrashReporterSupport
0x000000000f245000 	/System/Library/PrivateFrameworks/Sharing.framework/Versions/A/Sharing
0x000000000f245000 	/System/Library/PrivateFrameworks/IconServices.framework/Versions/A/IconServices
0x000000000f245000 	/System/Library/PrivateFrameworks/AuthKit.framework/Versions/A/AuthKit
0x000000000f245000 	/System/Library/PrivateFrameworks/Apple80211.framework/Versions/A/Apple80211
0x000000000f245000 	/System/Library/PrivateFrameworks/CoreUtils.framework/Versions/A/CoreUtils
0x000000000f245000 	/System/Library/Frameworks/CoreWLAN.framework/Versions/A/CoreWLAN
0x000000000f245000 	/System/Library/Frameworks/IOBluetooth.framework/Versions/A/IOBluetooth
0x000000000f245000 	/System/Library/PrivateFrameworks/ProtocolBuffer.framework/Versions/A/ProtocolBuffer
0x000000000f245000 	/System/Library/PrivateFrameworks/MobileKeyBag.framework/Versions/A/MobileKeyBag
0x000000000f245000 	/System/Library/PrivateFrameworks/CorePhoneNumbers.framework/Versions/A/CorePhoneNumbers
0x000000000f245000 	/System/Library/PrivateFrameworks/AppleIDAuthSupport.framework/Versions/A/AppleIDAuthSupport
0x000000000f245000 	/System/Library/PrivateFrameworks/KeychainCircle.framework/Versions/A/KeychainCircle
0x000000000f245000 	/System/Library/PrivateFrameworks/CoreWiFi.framework/Versions/A/CoreWiFi
0x000000000f245000 	/System/Library/Frameworks/CoreBluetooth.framework/Versions/A/CoreBluetooth
0x000000000f245000 	/System/Library/PrivateFrameworks/DebugSymbols.framework/Versions/A/DebugSymbols
0x000000000f245000 	/System/Library/PrivateFrameworks/CoreSymbolication.framework/Versions/A/CoreSymbolication
0x000000000f245000 	/System/Library/PrivateFrameworks/Symbolication.framework/Versions/A/Symbolication
0x000000000f245000 	/System/Library/PrivateFrameworks/AppleFSCompression.framework/Versions/A/AppleFSCompression
0x000000000f245000 	/System/Library/PrivateFrameworks/SpeechRecognitionCore.framework/Versions/A/SpeechRecognitionCore
0x0000000109800000 	/Library/Java/JavaVirtualMachines/jdk1.8.0_65.jdk/Contents/Home/jre/lib/server/libjvm.dylib
0x000000000f245000 	/usr/lib/libstdc++.6.0.9.dylib
0x0000000108720000 	/Library/Java/JavaVirtualMachines/jdk1.8.0_65.jdk/Contents/Home/jre/lib/libverify.dylib
0x000000010872e000 	/Library/Java/JavaVirtualMachines/jdk1.8.0_65.jdk/Contents/Home/jre/lib/libjava.dylib
0x0000000108764000 	/Library/Java/JavaVirtualMachines/jdk1.8.0_65.jdk/Contents/Home/jre/lib/libjdwp.dylib
0x00000001087af000 	/Library/Java/JavaVirtualMachines/jdk1.8.0_65.jdk/Contents/Home/jre/lib/libnpt.dylib
0x000000010a789000 	/Library/Java/JavaVirtualMachines/jdk1.8.0_65.jdk/Contents/Home/jre/lib/libzip.dylib
0x000000000f245000 	/System/Library/Frameworks/JavaVM.framework/Versions/A/Frameworks/JavaRuntimeSupport.framework/Versions/A/JavaRuntimeSupport
0x000000000f245000 	/System/Library/Frameworks/JavaVM.framework/Versions/A/Frameworks/JavaNativeFoundation.framework/Versions/A/JavaNativeFoundation
0x000000000f245000 	/System/Library/Frameworks/JavaVM.framework/Versions/A/JavaVM
0x000000000f245000 	/System/Library/Frameworks/Carbon.framework/Versions/A/Carbon
0x000000000f245000 	/System/Library/PrivateFrameworks/JavaLaunching.framework/Versions/A/JavaLaunching
0x000000000f245000 	/System/Library/Frameworks/Carbon.framework/Versions/A/Frameworks/CommonPanels.framework/Versions/A/CommonPanels
0x000000000f245000 	/System/Library/Frameworks/Carbon.framework/Versions/A/Frameworks/Help.framework/Versions/A/Help
0x000000000f245000 	/System/Library/Frameworks/Carbon.framework/Versions/A/Frameworks/ImageCapture.framework/Versions/A/ImageCapture
0x000000000f245000 	/System/Library/Frameworks/Carbon.framework/Versions/A/Frameworks/OpenScripting.framework/Versions/A/OpenScripting
0x000000000f245000 	/System/Library/Frameworks/Carbon.framework/Versions/A/Frameworks/Print.framework/Versions/A/Print
0x000000000f245000 	/System/Library/Frameworks/Carbon.framework/Versions/A/Frameworks/SecurityHI.framework/Versions/A/SecurityHI
0x0000000110212000 	/Library/Java/JavaVirtualMachines/jdk1.8.0_65.jdk/Contents/Home/jre/lib/libdt_socket.dylib
0x0000000110219000 	/Library/Java/JavaVirtualMachines/jdk1.8.0_65.jdk/Contents/Home/jre/lib/libnet.dylib
0x0000000110278000 	/Library/Java/JavaVirtualMachines/jdk1.8.0_65.jdk/Contents/Home/jre/lib/libnio.dylib

VM Arguments:
jvm_args: -agentlib:jdwp=transport=dt_socket,suspend=y,address=localhost:52617 -Dfile.encoding=UTF-8 
java_command: System.Dependencies
java_class_path (initial): /Users/aaronmk2/Downloads/demo2/SystemDependencies/bin
Launcher Type: SUN_STANDARD

Environment Variables:
PATH=/usr/bin:/bin:/usr/sbin:/sbin
SHELL=/bin/bash

Signal Handlers:
SIGSEGV: [libjvm.dylib+0x5a6d31], sa_mask[0]=11111111011111110111111111111111, sa_flags=SA_ONSTACK|SA_RESTART|SA_SIGINFO
SIGBUS: [libjvm.dylib+0x5a6d31], sa_mask[0]=11111111011111110111111111111111, sa_flags=SA_RESTART|SA_SIGINFO
SIGFPE: [libjvm.dylib+0x480a40], sa_mask[0]=11111111011111110111111111111111, sa_flags=SA_RESTART|SA_SIGINFO
SIGPIPE: [libjvm.dylib+0x480a40], sa_mask[0]=11111111011111110111111111111111, sa_flags=SA_RESTART|SA_SIGINFO
SIGXFSZ: [libjvm.dylib+0x480a40], sa_mask[0]=11111111011111110111111111111111, sa_flags=SA_RESTART|SA_SIGINFO
SIGILL: [libjvm.dylib+0x480a40], sa_mask[0]=11111111011111110111111111111111, sa_flags=SA_RESTART|SA_SIGINFO
SIGUSR1: SIG_DFL, sa_mask[0]=00000000000000000000000000000000, sa_flags=none
SIGUSR2: [libjvm.dylib+0x48055e], sa_mask[0]=00100000000000000000000000000000, sa_flags=SA_RESTART|SA_SIGINFO
SIGHUP: [libjvm.dylib+0x47eb35], sa_mask[0]=11111111011111110111111111111111, sa_flags=SA_RESTART|SA_SIGINFO
SIGINT: [libjvm.dylib+0x47eb35], sa_mask[0]=11111111011111110111111111111111, sa_flags=SA_RESTART|SA_SIGINFO
SIGTERM: [libjvm.dylib+0x47eb35], sa_mask[0]=11111111011111110111111111111111, sa_flags=SA_RESTART|SA_SIGINFO
SIGQUIT: [libjvm.dylib+0x47eb35], sa_mask[0]=11111111011111110111111111111111, sa_flags=SA_RESTART|SA_SIGINFO


---------------  S Y S T E M  ---------------

OS:Bsduname:Darwin 17.7.0 Darwin Kernel Version 17.7.0: Thu Jun 18 21:21:34 PDT 2020; root:xnu-4570.71.82.5~1/RELEASE_X86_64 x86_64
rlimit: STACK 8192k, CORE 0k, NPROC 1418, NOFILE 10240, AS infinity
load average:3.50 3.04 2.87

CPU:total 8 (4 cores per cpu, 2 threads per core) family 6 model 70 stepping 1, cmov, cx8, fxsr, mmx, sse, sse2, sse3, ssse3, sse4.1, sse4.2, popcnt, avx, avx2, aes, clmul, erms, lzcnt, ht, tsc, tscinvbit, bmi1, bmi2

Memory: 4k page, physical 16777216k(27212k free)

/proc/meminfo:


vm_info: Java HotSpot(TM) 64-Bit Server VM (25.65-b01) for bsd-amd64 JRE (1.8.0_65-b17), built on Oct  6 2015 15:36:46 by "java_re" with gcc 4.2.1 (Based on Apple Inc. build 5658) (LLVM build 2336.11.00)

time: Thu Aug 27 10:49:31 2020
elapsed time: 1477 seconds (0d 0h 24m 37s)

